[    7858ms] [INFO] %cDownload the React DevTools for a better development experience: https://react.dev/link/react-devtools font-weight:bold @ http://localhost:8081/node_modules/expo-router/entry.bundle?platform=web&dev=true&hot=false&lazy=true&transform.routerRoot=app:205692
[    7933ms] [LOG] Running application "main" with appParams:
 {rootTag: #root, hydrate: undefined} 
Development-level warnings: ON.
Performance optimizations: OFF. @ http://localhost:8081/node_modules/expo-router/entry.bundle?platform=web&dev=true&hot=false&lazy=true&transform.routerRoot=app:221880
[    8154ms] [WARNING] "shadow*" style props are deprecated. Use "boxShadow". @ http://localhost:8081/node_modules/expo-router/entry.bundle?platform=web&dev=true&hot=false&lazy=true&transform.routerRoot=app:190920
[    8425ms] [VERBOSE] [DOM] Password field is not contained in a form: (More info: https://goo.gl/9p2vKq) %o @ http://localhost:8081/sign-up:0
[    8425ms] [VERBOSE] [DOM] Password field is not contained in a form: (More info: https://goo.gl/9p2vKq) %o @ http://localhost:8081/sign-up:0
[  611481ms] Error: TransformError SyntaxError: E:\projects\Rahal-Frontend\src\shared\components\TextInput.tsx: Missing initializer in const declaration. (27:63)

[0m [90m 25 |[39m }
 [90m 26 |[39m
[31m[1m>[22m[39m[90m 27 |[39m [36mexport[39m [36mconst[39m [33mTextInput[39m [33m=[39m forwardRef[33m<[39m[33mRNTextInput[39m[33m,[39m [33mTextInputProps[39m[33m>[39m([36mfunction[39m [33mTextInput[39m(
 [90m    |[39m                                                                [31m[1m^[22m[39m
 [90m 28 |[39m   { label[33m,[39m error[33m,[39m secureTextEntry[33m,[39m style[33m,[39m [33m...[39mprops }[33m,[39m
 [90m 29 |[39m   ref[33m,[39m
 [90m 30 |[39m ) {[0m
    at showCompileError (http://localhost:8081/node_modules/expo-router/entry.bundle?platform=web&dev=true&hot=false&lazy=true&transform.routerRoot=app:234532:19)
    at HMRClient.<anonymous> (http://localhost:8081/node_modules/expo-router/entry.bundle?platform=web&dev=true&hot=false&lazy=true&transform.routerRoot=app:234452:13)
    at HMRClient.emit (http://localhost:8081/node_modules/expo-router/entry.bundle?platform=web&dev=true&hot=false&lazy=true&transform.routerRoot=app:5200:31)
    at HMRClient._ws.onmessage (http://localhost:8081/node_modules/expo-router/entry.bundle?platform=web&dev=true&hot=false&lazy=true&transform.routerRoot=app:5015:18)
[  625481ms] [ERROR] %o

%s

%s
 TypeError: Component is not a function
    at react-stack-bottom-frame (http://localhost:8081/node_modules/expo-router/entry.bundle?platform=web&dev=true&hot=false&lazy=true&transform.routerRoot=app:204978:20)
    at renderWithHooks (http://localhost:8081/node_modules/expo-router/entry.bundle?platform=web&dev=true&hot=false&lazy=true&transform.routerRoot=app:195188:22)
    at updateFunctionComponent (http://localhost:8081/node_modules/expo-router/entry.bundle?platform=web&dev=true&hot=false&lazy=true&transform.routerRoot=app:196881:19)
    at beginWork (http://localhost:8081/node_modules/expo-router/entry.bundle?platform=web&dev=true&hot=false&lazy=true&transform.routerRoot=app:197467:18)
    at runWithFiberInDEV (http://localhost:8081/node_modules/expo-router/entry.bundle?platform=web&dev=true&hot=false&lazy=true&transform.routerRoot=app:192960:70)
    at performUnitOfWork (http://localhost:8081/node_modules/expo-router/entry.bundle?platform=web&dev=true&hot=false&lazy=true&transform.routerRoot=app:199540:95)
    at workLoopSync (http://localhost:8081/node_modules/expo-router/entry.bundle?platform=web&dev=true&hot=false&lazy=true&transform.routerRoot=app:199433:40)
    at renderRootSync (http://localhost:8081/node_modules/expo-router/entry.bundle?platform=web&dev=true&hot=false&lazy=true&transform.routerRoot=app:199417:9)
    at performWorkOnRoot (http://localhost:8081/node_modules/expo-router/entry.bundle?platform=web&dev=true&hot=false&lazy=true&transform.routerRoot=app:199181:44)
    at performSyncWorkOnRoot (http://localhost:8081/node_modules/expo-router/entry.bundle?platform=web&dev=true&hot=false&lazy=true&transform.routerRoot=app:200145:7)
    at flushSyncWorkAcrossRoots_impl (http://localhost:8081/node_modules/expo-router/entry.bundle?platform=web&dev=true&hot=false&lazy=true&transform.routerRoot=app:200064:308)
    at flushSyncWork$1 (http://localhost:8081/node_modules/expo-router/entry.bundle?platform=web&dev=true&hot=false&lazy=true&transform.routerRoot=app:199295:84)
    at Object.scheduleRefresh (http://localhost:8081/node_modules/expo-router/entry.bundle?platform=web&dev=true&hot=false&lazy=true&transform.routerRoot=app:191928:9)
    at http://localhost:8081/node_modules/expo-router/entry.bundle?platform=web&dev=true&hot=false&lazy=true&transform.routerRoot=app:5522:23
    at Set.forEach (<anonymous>)
    at Object.performReactRefresh (http://localhost:8081/node_modules/expo-router/entry.bundle?platform=web&dev=true&hot=false&lazy=true&transform.routerRoot=app:5514:32)
    at Object.performReactRefresh (http://localhost:8081/node_modules/expo-router/entry.bundle?platform=web&dev=true&hot=false&lazy=true&transform.routerRoot=app:234211:27)
    at http://localhost:8081/node_modules/expo-router/entry.bundle?platform=web&dev=true&hot=false&lazy=true&transform.routerRoot=app:429:21 The above error occurred in one of your React components. React will try to recreate this component tree from scratch using the error boundary you provided, LogBoxStateSubscription. @ http://localhost:8081/node_modules/expo-router/entry.bundle?platform=web&dev=true&hot=false&lazy=true&transform.routerRoot=app:228930
[  684275ms] [ERROR] %o

%s

%s
 TypeError: Component is not a function
    at react-stack-bottom-frame (http://localhost:8081/node_modules/expo-router/entry.bundle?platform=web&dev=true&hot=false&lazy=true&transform.routerRoot=app:204978:20)
    at renderWithHooks (http://localhost:8081/node_modules/expo-router/entry.bundle?platform=web&dev=true&hot=false&lazy=true&transform.routerRoot=app:195188:22)
    at updateFunctionComponent (http://localhost:8081/node_modules/expo-router/entry.bundle?platform=web&dev=true&hot=false&lazy=true&transform.routerRoot=app:196881:19)
    at beginWork (http://localhost:8081/node_modules/expo-router/entry.bundle?platform=web&dev=true&hot=false&lazy=true&transform.routerRoot=app:197467:18)
    at runWithFiberInDEV (http://localhost:8081/node_modules/expo-router/entry.bundle?platform=web&dev=true&hot=false&lazy=true&transform.routerRoot=app:192960:70)
    at performUnitOfWork (http://localhost:8081/node_modules/expo-router/entry.bundle?platform=web&dev=true&hot=false&lazy=true&transform.routerRoot=app:199540:95)
    at workLoopSync (http://localhost:8081/node_modules/expo-router/entry.bundle?platform=web&dev=true&hot=false&lazy=true&transform.routerRoot=app:199433:40)
    at renderRootSync (http://localhost:8081/node_modules/expo-router/entry.bundle?platform=web&dev=true&hot=false&lazy=true&transform.routerRoot=app:199417:9)
    at performWorkOnRoot (http://localhost:8081/node_modules/expo-router/entry.bundle?platform=web&dev=true&hot=false&lazy=true&transform.routerRoot=app:199181:44)
    at performWorkOnRootViaSchedulerTask (http://localhost:8081/node_modules/expo-router/entry.bundle?platform=web&dev=true&hot=false&lazy=true&transform.routerRoot=app:200137:7)
    at MessagePort.performWorkUntilDeadline (http://localhost:8081/node_modules/expo-router/entry.bundle?platform=web&dev=true&hot=false&lazy=true&transform.routerRoot=app:205785:48) The above error occurred in one of your React components. React will try to recreate this component tree from scratch using the error boundary you provided, LogBoxStateSubscription. @ http://localhost:8081/node_modules/expo-router/entry.bundle?platform=web&dev=true&hot=false&lazy=true&transform.routerRoot=app:228930
[  684307ms] [ERROR] %o

%s

%s
 TypeError: Component is not a function
    at react-stack-bottom-frame (http://localhost:8081/node_modules/expo-router/entry.bundle?platform=web&dev=true&hot=false&lazy=true&transform.routerRoot=app:204978:20)
    at renderWithHooks (http://localhost:8081/node_modules/expo-router/entry.bundle?platform=web&dev=true&hot=false&lazy=true&transform.routerRoot=app:195188:22)
    at updateFunctionComponent (http://localhost:8081/node_modules/expo-router/entry.bundle?platform=web&dev=true&hot=false&lazy=true&transform.routerRoot=app:196881:19)
    at beginWork (http://localhost:8081/node_modules/expo-router/entry.bundle?platform=web&dev=true&hot=false&lazy=true&transform.routerRoot=app:197467:18)
    at runWithFiberInDEV (http://localhost:8081/node_modules/expo-router/entry.bundle?platform=web&dev=true&hot=false&lazy=true&transform.routerRoot=app:192960:70)
    at performUnitOfWork (http://localhost:8081/node_modules/expo-router/entry.bundle?platform=web&dev=true&hot=false&lazy=true&transform.routerRoot=app:199540:95)
    at workLoopSync (http://localhost:8081/node_modules/expo-router/entry.bundle?platform=web&dev=true&hot=false&lazy=true&transform.routerRoot=app:199433:40)
    at renderRootSync (http://localhost:8081/node_modules/expo-router/entry.bundle?platform=web&dev=true&hot=false&lazy=true&transform.routerRoot=app:199417:9)
    at performWorkOnRoot (http://localhost:8081/node_modules/expo-router/entry.bundle?platform=web&dev=true&hot=false&lazy=true&transform.routerRoot=app:199181:44)
    at performSyncWorkOnRoot (http://localhost:8081/node_modules/expo-router/entry.bundle?platform=web&dev=true&hot=false&lazy=true&transform.routerRoot=app:200145:7)
    at flushSyncWorkAcrossRoots_impl (http://localhost:8081/node_modules/expo-router/entry.bundle?platform=web&dev=true&hot=false&lazy=true&transform.routerRoot=app:200064:308)
    at flushSyncWork$1 (http://localhost:8081/node_modules/expo-router/entry.bundle?platform=web&dev=true&hot=false&lazy=true&transform.routerRoot=app:199295:84)
    at Object.scheduleRefresh (http://localhost:8081/node_modules/expo-router/entry.bundle?platform=web&dev=true&hot=false&lazy=true&transform.routerRoot=app:191928:9)
    at http://localhost:8081/node_modules/expo-router/entry.bundle?platform=web&dev=true&hot=false&lazy=true&transform.routerRoot=app:5522:23
    at Set.forEach (<anonymous>)
    at Object.performReactRefresh (http://localhost:8081/node_modules/expo-router/entry.bundle?platform=web&dev=true&hot=false&lazy=true&transform.routerRoot=app:5514:32)
    at Object.performReactRefresh (http://localhost:8081/node_modules/expo-router/entry.bundle?platform=web&dev=true&hot=false&lazy=true&transform.routerRoot=app:234211:27)
    at http://localhost:8081/node_modules/expo-router/entry.bundle?platform=web&dev=true&hot=false&lazy=true&transform.routerRoot=app:429:21 The above error occurred in one of your React components. React will try to recreate this component tree from scratch using the error boundary you provided, LogBoxStateSubscription. @ http://localhost:8081/node_modules/expo-router/entry.bundle?platform=web&dev=true&hot=false&lazy=true&transform.routerRoot=app:228930
[  789346ms] [ERROR] Can't perform a React state update on a component that hasn't mounted yet. This indicates that you have a side-effect in your render function that asynchronously later calls tries to update the component. Move this work to useEffect instead. @ http://localhost:8081/node_modules/expo-router/entry.bundle?platform=web&dev=true&hot=false&lazy=true&transform.routerRoot=app:228930
[  789382ms] [ERROR] %o

%s

%s
 TypeError: Component is not a function
    at react-stack-bottom-frame (http://localhost:8081/node_modules/expo-router/entry.bundle?platform=web&dev=true&hot=false&lazy=true&transform.routerRoot=app:204978:20)
    at renderWithHooks (http://localhost:8081/node_modules/expo-router/entry.bundle?platform=web&dev=true&hot=false&lazy=true&transform.routerRoot=app:195188:22)
    at updateFunctionComponent (http://localhost:8081/node_modules/expo-router/entry.bundle?platform=web&dev=true&hot=false&lazy=true&transform.routerRoot=app:196881:19)
    at beginWork (http://localhost:8081/node_modules/expo-router/entry.bundle?platform=web&dev=true&hot=false&lazy=true&transform.routerRoot=app:197467:18)
    at runWithFiberInDEV (http://localhost:8081/node_modules/expo-router/entry.bundle?platform=web&dev=true&hot=false&lazy=true&transform.routerRoot=app:192960:70)
    at performUnitOfWork (http://localhost:8081/node_modules/expo-router/entry.bundle?platform=web&dev=true&hot=false&lazy=true&transform.routerRoot=app:199540:95)
    at workLoopSync (http://localhost:8081/node_modules/expo-router/entry.bundle?platform=web&dev=true&hot=false&lazy=true&transform.routerRoot=app:199433:40)
    at renderRootSync (http://localhost:8081/node_modules/expo-router/entry.bundle?platform=web&dev=true&hot=false&lazy=true&transform.routerRoot=app:199417:9)
    at performWorkOnRoot (http://localhost:8081/node_modules/expo-router/entry.bundle?platform=web&dev=true&hot=false&lazy=true&transform.routerRoot=app:199181:44)
    at performWorkOnRootViaSchedulerTask (http://localhost:8081/node_modules/expo-router/entry.bundle?platform=web&dev=true&hot=false&lazy=true&transform.routerRoot=app:200137:7)
    at MessagePort.performWorkUntilDeadline (http://localhost:8081/node_modules/expo-router/entry.bundle?platform=web&dev=true&hot=false&lazy=true&transform.routerRoot=app:205785:48) The above error occurred in one of your React components. React will try to recreate this component tree from scratch using the error boundary you provided, LogBoxStateSubscription. @ http://localhost:8081/node_modules/expo-router/entry.bundle?platform=web&dev=true&hot=false&lazy=true&transform.routerRoot=app:228930
[  789410ms] [ERROR] %o

%s

%s
 TypeError: Component is not a function
    at react-stack-bottom-frame (http://localhost:8081/node_modules/expo-router/entry.bundle?platform=web&dev=true&hot=false&lazy=true&transform.routerRoot=app:204978:20)
    at renderWithHooks (http://localhost:8081/node_modules/expo-router/entry.bundle?platform=web&dev=true&hot=false&lazy=true&transform.routerRoot=app:195188:22)
    at updateFunctionComponent (http://localhost:8081/node_modules/expo-router/entry.bundle?platform=web&dev=true&hot=false&lazy=true&transform.routerRoot=app:196881:19)
    at beginWork (http://localhost:8081/node_modules/expo-router/entry.bundle?platform=web&dev=true&hot=false&lazy=true&transform.routerRoot=app:197467:18)
    at runWithFiberInDEV (http://localhost:8081/node_modules/expo-router/entry.bundle?platform=web&dev=true&hot=false&lazy=true&transform.routerRoot=app:192960:70)
    at performUnitOfWork (http://localhost:8081/node_modules/expo-router/entry.bundle?platform=web&dev=true&hot=false&lazy=true&transform.routerRoot=app:199540:95)
    at workLoopSync (http://localhost:8081/node_modules/expo-router/entry.bundle?platform=web&dev=true&hot=false&lazy=true&transform.routerRoot=app:199433:40)
    at renderRootSync (http://localhost:8081/node_modules/expo-router/entry.bundle?platform=web&dev=true&hot=false&lazy=true&transform.routerRoot=app:199417:9)
    at performWorkOnRoot (http://localhost:8081/node_modules/expo-router/entry.bundle?platform=web&dev=true&hot=false&lazy=true&transform.routerRoot=app:199181:44)
    at performSyncWorkOnRoot (http://localhost:8081/node_modules/expo-router/entry.bundle?platform=web&dev=true&hot=false&lazy=true&transform.routerRoot=app:200145:7)
    at flushSyncWorkAcrossRoots_impl (http://localhost:8081/node_modules/expo-router/entry.bundle?platform=web&dev=true&hot=false&lazy=true&transform.routerRoot=app:200064:308)
    at flushSyncWork$1 (http://localhost:8081/node_modules/expo-router/entry.bundle?platform=web&dev=true&hot=false&lazy=true&transform.routerRoot=app:199295:84)
    at Object.scheduleRefresh (http://localhost:8081/node_modules/expo-router/entry.bundle?platform=web&dev=true&hot=false&lazy=true&transform.routerRoot=app:191928:9)
    at http://localhost:8081/node_modules/expo-router/entry.bundle?platform=web&dev=true&hot=false&lazy=true&transform.routerRoot=app:5522:23
    at Set.forEach (<anonymous>)
    at Object.performReactRefresh (http://localhost:8081/node_modules/expo-router/entry.bundle?platform=web&dev=true&hot=false&lazy=true&transform.routerRoot=app:5514:32)
    at Object.performReactRefresh (http://localhost:8081/node_modules/expo-router/entry.bundle?platform=web&dev=true&hot=false&lazy=true&transform.routerRoot=app:234211:27)
    at http://localhost:8081/node_modules/expo-router/entry.bundle?platform=web&dev=true&hot=false&lazy=true&transform.routerRoot=app:429:21 The above error occurred in one of your React components. React will try to recreate this component tree from scratch using the error boundary you provided, LogBoxStateSubscription. @ http://localhost:8081/node_modules/expo-router/entry.bundle?platform=web&dev=true&hot=false&lazy=true&transform.routerRoot=app:228930
[  801288ms] [ERROR] %o

%s

%s
 TypeError: Component is not a function
    at react-stack-bottom-frame (http://localhost:8081/node_modules/expo-router/entry.bundle?platform=web&dev=true&hot=false&lazy=true&transform.routerRoot=app:204978:20)
    at renderWithHooks (http://localhost:8081/node_modules/expo-router/entry.bundle?platform=web&dev=true&hot=false&lazy=true&transform.routerRoot=app:195188:22)
    at updateFunctionComponent (http://localhost:8081/node_modules/expo-router/entry.bundle?platform=web&dev=true&hot=false&lazy=true&transform.routerRoot=app:196881:19)
    at beginWork (http://localhost:8081/node_modules/expo-router/entry.bundle?platform=web&dev=true&hot=false&lazy=true&transform.routerRoot=app:197467:18)
    at runWithFiberInDEV (http://localhost:8081/node_modules/expo-router/entry.bundle?platform=web&dev=true&hot=false&lazy=true&transform.routerRoot=app:192960:70)
    at performUnitOfWork (http://localhost:8081/node_modules/expo-router/entry.bundle?platform=web&dev=true&hot=false&lazy=true&transform.routerRoot=app:199540:95)
    at workLoopSync (http://localhost:8081/node_modules/expo-router/entry.bundle?platform=web&dev=true&hot=false&lazy=true&transform.routerRoot=app:199433:40)
    at renderRootSync (http://localhost:8081/node_modules/expo-router/entry.bundle?platform=web&dev=true&hot=false&lazy=true&transform.routerRoot=app:199417:9)
    at performWorkOnRoot (http://localhost:8081/node_modules/expo-router/entry.bundle?platform=web&dev=true&hot=false&lazy=true&transform.routerRoot=app:199181:44)
    at performWorkOnRootViaSchedulerTask (http://localhost:8081/node_modules/expo-router/entry.bundle?platform=web&dev=true&hot=false&lazy=true&transform.routerRoot=app:200137:7)
    at MessagePort.performWorkUntilDeadline (http://localhost:8081/node_modules/expo-router/entry.bundle?platform=web&dev=true&hot=false&lazy=true&transform.routerRoot=app:205785:48) The above error occurred in one of your React components. React will try to recreate this component tree from scratch using the error boundary you provided, LogBoxStateSubscription. @ http://localhost:8081/node_modules/expo-router/entry.bundle?platform=web&dev=true&hot=false&lazy=true&transform.routerRoot=app:228930
[  801327ms] [ERROR] %o

%s

%s
 TypeError: Component is not a function
    at react-stack-bottom-frame (http://localhost:8081/node_modules/expo-router/entry.bundle?platform=web&dev=true&hot=false&lazy=true&transform.routerRoot=app:204978:20)
    at renderWithHooks (http://localhost:8081/node_modules/expo-router/entry.bundle?platform=web&dev=true&hot=false&lazy=true&transform.routerRoot=app:195188:22)
    at updateFunctionComponent (http://localhost:8081/node_modules/expo-router/entry.bundle?platform=web&dev=true&hot=false&lazy=true&transform.routerRoot=app:196881:19)
    at beginWork (http://localhost:8081/node_modules/expo-router/entry.bundle?platform=web&dev=true&hot=false&lazy=true&transform.routerRoot=app:197467:18)
    at runWithFiberInDEV (http://localhost:8081/node_modules/expo-router/entry.bundle?platform=web&dev=true&hot=false&lazy=true&transform.routerRoot=app:192960:70)
    at performUnitOfWork (http://localhost:8081/node_modules/expo-router/entry.bundle?platform=web&dev=true&hot=false&lazy=true&transform.routerRoot=app:199540:95)
    at workLoopSync (http://localhost:8081/node_modules/expo-router/entry.bundle?platform=web&dev=true&hot=false&lazy=true&transform.routerRoot=app:199433:40)
    at renderRootSync (http://localhost:8081/node_modules/expo-router/entry.bundle?platform=web&dev=true&hot=false&lazy=true&transform.routerRoot=app:199417:9)
    at performWorkOnRoot (http://localhost:8081/node_modules/expo-router/entry.bundle?platform=web&dev=true&hot=false&lazy=true&transform.routerRoot=app:199181:44)
    at performSyncWorkOnRoot (http://localhost:8081/node_modules/expo-router/entry.bundle?platform=web&dev=true&hot=false&lazy=true&transform.routerRoot=app:200145:7)
    at flushSyncWorkAcrossRoots_impl (http://localhost:8081/node_modules/expo-router/entry.bundle?platform=web&dev=true&hot=false&lazy=true&transform.routerRoot=app:200064:308)
    at flushSyncWork$1 (http://localhost:8081/node_modules/expo-router/entry.bundle?platform=web&dev=true&hot=false&lazy=true&transform.routerRoot=app:199295:84)
    at Object.scheduleRefresh (http://localhost:8081/node_modules/expo-router/entry.bundle?platform=web&dev=true&hot=false&lazy=true&transform.routerRoot=app:191928:9)
    at http://localhost:8081/node_modules/expo-router/entry.bundle?platform=web&dev=true&hot=false&lazy=true&transform.routerRoot=app:5522:23
    at Set.forEach (<anonymous>)
    at Object.performReactRefresh (http://localhost:8081/node_modules/expo-router/entry.bundle?platform=web&dev=true&hot=false&lazy=true&transform.routerRoot=app:5514:32)
    at Object.performReactRefresh (http://localhost:8081/node_modules/expo-router/entry.bundle?platform=web&dev=true&hot=false&lazy=true&transform.routerRoot=app:234211:27)
    at http://localhost:8081/node_modules/expo-router/entry.bundle?platform=web&dev=true&hot=false&lazy=true&transform.routerRoot=app:429:21 The above error occurred in one of your React components. React will try to recreate this component tree from scratch using the error boundary you provided, LogBoxStateSubscription. @ http://localhost:8081/node_modules/expo-router/entry.bundle?platform=web&dev=true&hot=false&lazy=true&transform.routerRoot=app:228930
[  806499ms] [ERROR] %o

%s

%s
 TypeError: Component is not a function
    at react-stack-bottom-frame (http://localhost:8081/node_modules/expo-router/entry.bundle?platform=web&dev=true&hot=false&lazy=true&transform.routerRoot=app:204978:20)
    at renderWithHooks (http://localhost:8081/node_modules/expo-router/entry.bundle?platform=web&dev=true&hot=false&lazy=true&transform.routerRoot=app:195188:22)
    at updateFunctionComponent (http://localhost:8081/node_modules/expo-router/entry.bundle?platform=web&dev=true&hot=false&lazy=true&transform.routerRoot=app:196881:19)
    at beginWork (http://localhost:8081/node_modules/expo-router/entry.bundle?platform=web&dev=true&hot=false&lazy=true&transform.routerRoot=app:197467:18)
    at runWithFiberInDEV (http://localhost:8081/node_modules/expo-router/entry.bundle?platform=web&dev=true&hot=false&lazy=true&transform.routerRoot=app:192960:70)
    at performUnitOfWork (http://localhost:8081/node_modules/expo-router/entry.bundle?platform=web&dev=true&hot=false&lazy=true&transform.routerRoot=app:199540:95)
    at workLoopSync (http://localhost:8081/node_modules/expo-router/entry.bundle?platform=web&dev=true&hot=false&lazy=true&transform.routerRoot=app:199433:40)
    at renderRootSync (http://localhost:8081/node_modules/expo-router/entry.bundle?platform=web&dev=true&hot=false&lazy=true&transform.routerRoot=app:199417:9)
    at performWorkOnRoot (http://localhost:8081/node_modules/expo-router/entry.bundle?platform=web&dev=true&hot=false&lazy=true&transform.routerRoot=app:199181:44)
    at performWorkOnRootViaSchedulerTask (http://localhost:8081/node_modules/expo-router/entry.bundle?platform=web&dev=true&hot=false&lazy=true&transform.routerRoot=app:200137:7)
    at MessagePort.performWorkUntilDeadline (http://localhost:8081/node_modules/expo-router/entry.bundle?platform=web&dev=true&hot=false&lazy=true&transform.routerRoot=app:205785:48) The above error occurred in one of your React components. React will try to recreate this component tree from scratch using the error boundary you provided, LogBoxStateSubscription. @ http://localhost:8081/node_modules/expo-router/entry.bundle?platform=web&dev=true&hot=false&lazy=true&transform.routerRoot=app:228930
[  806533ms] [ERROR] %o

%s

%s
 TypeError: Component is not a function
    at react-stack-bottom-frame (http://localhost:8081/node_modules/expo-router/entry.bundle?platform=web&dev=true&hot=false&lazy=true&transform.routerRoot=app:204978:20)
    at renderWithHooks (http://localhost:8081/node_modules/expo-router/entry.bundle?platform=web&dev=true&hot=false&lazy=true&transform.routerRoot=app:195188:22)
    at updateFunctionComponent (http://localhost:8081/node_modules/expo-router/entry.bundle?platform=web&dev=true&hot=false&lazy=true&transform.routerRoot=app:196881:19)
    at beginWork (http://localhost:8081/node_modules/expo-router/entry.bundle?platform=web&dev=true&hot=false&lazy=true&transform.routerRoot=app:197467:18)
    at runWithFiberInDEV (http://localhost:8081/node_modules/expo-router/entry.bundle?platform=web&dev=true&hot=false&lazy=true&transform.routerRoot=app:192960:70)
    at performUnitOfWork (http://localhost:8081/node_modules/expo-router/entry.bundle?platform=web&dev=true&hot=false&lazy=true&transform.routerRoot=app:199540:95)
    at workLoopSync (http://localhost:8081/node_modules/expo-router/entry.bundle?platform=web&dev=true&hot=false&lazy=true&transform.routerRoot=app:199433:40)
    at renderRootSync (http://localhost:8081/node_modules/expo-router/entry.bundle?platform=web&dev=true&hot=false&lazy=true&transform.routerRoot=app:199417:9)
    at performWorkOnRoot (http://localhost:8081/node_modules/expo-router/entry.bundle?platform=web&dev=true&hot=false&lazy=true&transform.routerRoot=app:199181:44)
    at performSyncWorkOnRoot (http://localhost:8081/node_modules/expo-router/entry.bundle?platform=web&dev=true&hot=false&lazy=true&transform.routerRoot=app:200145:7)
    at flushSyncWorkAcrossRoots_impl (http://localhost:8081/node_modules/expo-router/entry.bundle?platform=web&dev=true&hot=false&lazy=true&transform.routerRoot=app:200064:308)
    at flushSyncWork$1 (http://localhost:8081/node_modules/expo-router/entry.bundle?platform=web&dev=true&hot=false&lazy=true&transform.routerRoot=app:199295:84)
    at Object.scheduleRefresh (http://localhost:8081/node_modules/expo-router/entry.bundle?platform=web&dev=true&hot=false&lazy=true&transform.routerRoot=app:191928:9)
    at http://localhost:8081/node_modules/expo-router/entry.bundle?platform=web&dev=true&hot=false&lazy=true&transform.routerRoot=app:5522:23
    at Set.forEach (<anonymous>)
    at Object.performReactRefresh (http://localhost:8081/node_modules/expo-router/entry.bundle?platform=web&dev=true&hot=false&lazy=true&transform.routerRoot=app:5514:32)
    at Object.performReactRefresh (http://localhost:8081/node_modules/expo-router/entry.bundle?platform=web&dev=true&hot=false&lazy=true&transform.routerRoot=app:234211:27)
    at http://localhost:8081/node_modules/expo-router/entry.bundle?platform=web&dev=true&hot=false&lazy=true&transform.routerRoot=app:429:21 The above error occurred in one of your React components. React will try to recreate this component tree from scratch using the error boundary you provided, LogBoxStateSubscription. @ http://localhost:8081/node_modules/expo-router/entry.bundle?platform=web&dev=true&hot=false&lazy=true&transform.routerRoot=app:228930
[  809540ms] [ERROR] %o

%s

%s
 TypeError: Component is not a function
    at react-stack-bottom-frame (http://localhost:8081/node_modules/expo-router/entry.bundle?platform=web&dev=true&hot=false&lazy=true&transform.routerRoot=app:204978:20)
    at renderWithHooks (http://localhost:8081/node_modules/expo-router/entry.bundle?platform=web&dev=true&hot=false&lazy=true&transform.routerRoot=app:195188:22)
    at updateFunctionComponent (http://localhost:8081/node_modules/expo-router/entry.bundle?platform=web&dev=true&hot=false&lazy=true&transform.routerRoot=app:196881:19)
    at beginWork (http://localhost:8081/node_modules/expo-router/entry.bundle?platform=web&dev=true&hot=false&lazy=true&transform.routerRoot=app:197467:18)
    at runWithFiberInDEV (http://localhost:8081/node_modules/expo-router/entry.bundle?platform=web&dev=true&hot=false&lazy=true&transform.routerRoot=app:192960:70)
    at performUnitOfWork (http://localhost:8081/node_modules/expo-router/entry.bundle?platform=web&dev=true&hot=false&lazy=true&transform.routerRoot=app:199540:95)
    at workLoopSync (http://localhost:8081/node_modules/expo-router/entry.bundle?platform=web&dev=true&hot=false&lazy=true&transform.routerRoot=app:199433:40)
    at renderRootSync (http://localhost:8081/node_modules/expo-router/entry.bundle?platform=web&dev=true&hot=false&lazy=true&transform.routerRoot=app:199417:9)
    at performWorkOnRoot (http://localhost:8081/node_modules/expo-router/entry.bundle?platform=web&dev=true&hot=false&lazy=true&transform.routerRoot=app:199181:44)
    at performWorkOnRootViaSchedulerTask (http://localhost:8081/node_modules/expo-router/entry.bundle?platform=web&dev=true&hot=false&lazy=true&transform.routerRoot=app:200137:7)
    at MessagePort.performWorkUntilDeadline (http://localhost:8081/node_modules/expo-router/entry.bundle?platform=web&dev=true&hot=false&lazy=true&transform.routerRoot=app:205785:48) The above error occurred in one of your React components. React will try to recreate this component tree from scratch using the error boundary you provided, LogBoxStateSubscription. @ http://localhost:8081/node_modules/expo-router/entry.bundle?platform=web&dev=true&hot=false&lazy=true&transform.routerRoot=app:228930
[  809571ms] [ERROR] %o

%s

%s
 TypeError: Component is not a function
    at react-stack-bottom-frame (http://localhost:8081/node_modules/expo-router/entry.bundle?platform=web&dev=true&hot=false&lazy=true&transform.routerRoot=app:204978:20)
    at renderWithHooks (http://localhost:8081/node_modules/expo-router/entry.bundle?platform=web&dev=true&hot=false&lazy=true&transform.routerRoot=app:195188:22)
    at updateFunctionComponent (http://localhost:8081/node_modules/expo-router/entry.bundle?platform=web&dev=true&hot=false&lazy=true&transform.routerRoot=app:196881:19)
    at beginWork (http://localhost:8081/node_modules/expo-router/entry.bundle?platform=web&dev=true&hot=false&lazy=true&transform.routerRoot=app:197467:18)
    at runWithFiberInDEV (http://localhost:8081/node_modules/expo-router/entry.bundle?platform=web&dev=true&hot=false&lazy=true&transform.routerRoot=app:192960:70)
    at performUnitOfWork (http://localhost:8081/node_modules/expo-router/entry.bundle?platform=web&dev=true&hot=false&lazy=true&transform.routerRoot=app:199540:95)
    at workLoopSync (http://localhost:8081/node_modules/expo-router/entry.bundle?platform=web&dev=true&hot=false&lazy=true&transform.routerRoot=app:199433:40)
    at renderRootSync (http://localhost:8081/node_modules/expo-router/entry.bundle?platform=web&dev=true&hot=false&lazy=true&transform.routerRoot=app:199417:9)
    at performWorkOnRoot (http://localhost:8081/node_modules/expo-router/entry.bundle?platform=web&dev=true&hot=false&lazy=true&transform.routerRoot=app:199181:44)
    at performSyncWorkOnRoot (http://localhost:8081/node_modules/expo-router/entry.bundle?platform=web&dev=true&hot=false&lazy=true&transform.routerRoot=app:200145:7)
    at flushSyncWorkAcrossRoots_impl (http://localhost:8081/node_modules/expo-router/entry.bundle?platform=web&dev=true&hot=false&lazy=true&transform.routerRoot=app:200064:308)
    at flushSyncWork$1 (http://localhost:8081/node_modules/expo-router/entry.bundle?platform=web&dev=true&hot=false&lazy=true&transform.routerRoot=app:199295:84)
    at Object.scheduleRefresh (http://localhost:8081/node_modules/expo-router/entry.bundle?platform=web&dev=true&hot=false&lazy=true&transform.routerRoot=app:191928:9)
    at http://localhost:8081/node_modules/expo-router/entry.bundle?platform=web&dev=true&hot=false&lazy=true&transform.routerRoot=app:5522:23
    at Set.forEach (<anonymous>)
    at Object.performReactRefresh (http://localhost:8081/node_modules/expo-router/entry.bundle?platform=web&dev=true&hot=false&lazy=true&transform.routerRoot=app:5514:32)
    at Object.performReactRefresh (http://localhost:8081/node_modules/expo-router/entry.bundle?platform=web&dev=true&hot=false&lazy=true&transform.routerRoot=app:234211:27)
    at http://localhost:8081/node_modules/expo-router/entry.bundle?platform=web&dev=true&hot=false&lazy=true&transform.routerRoot=app:429:21 The above error occurred in one of your React components. React will try to recreate this component tree from scratch using the error boundary you provided, LogBoxStateSubscription. @ http://localhost:8081/node_modules/expo-router/entry.bundle?platform=web&dev=true&hot=false&lazy=true&transform.routerRoot=app:228930
[  821939ms] [ERROR] %o

%s

%s
 TypeError: Component is not a function
    at react-stack-bottom-frame (http://localhost:8081/node_modules/expo-router/entry.bundle?platform=web&dev=true&hot=false&lazy=true&transform.routerRoot=app:204978:20)
    at renderWithHooks (http://localhost:8081/node_modules/expo-router/entry.bundle?platform=web&dev=true&hot=false&lazy=true&transform.routerRoot=app:195188:22)
    at updateFunctionComponent (http://localhost:8081/node_modules/expo-router/entry.bundle?platform=web&dev=true&hot=false&lazy=true&transform.routerRoot=app:196881:19)
    at beginWork (http://localhost:8081/node_modules/expo-router/entry.bundle?platform=web&dev=true&hot=false&lazy=true&transform.routerRoot=app:197467:18)
    at runWithFiberInDEV (http://localhost:8081/node_modules/expo-router/entry.bundle?platform=web&dev=true&hot=false&lazy=true&transform.routerRoot=app:192960:70)
    at performUnitOfWork (http://localhost:8081/node_modules/expo-router/entry.bundle?platform=web&dev=true&hot=false&lazy=true&transform.routerRoot=app:199540:95)
    at workLoopSync (http://localhost:8081/node_modules/expo-router/entry.bundle?platform=web&dev=true&hot=false&lazy=true&transform.routerRoot=app:199433:40)
    at renderRootSync (http://localhost:8081/node_modules/expo-router/entry.bundle?platform=web&dev=true&hot=false&lazy=true&transform.routerRoot=app:199417:9)
    at performWorkOnRoot (http://localhost:8081/node_modules/expo-router/entry.bundle?platform=web&dev=true&hot=false&lazy=true&transform.routerRoot=app:199181:44)
    at performWorkOnRootViaSchedulerTask (http://localhost:8081/node_modules/expo-router/entry.bundle?platform=web&dev=true&hot=false&lazy=true&transform.routerRoot=app:200137:7)
    at MessagePort.performWorkUntilDeadline (http://localhost:8081/node_modules/expo-router/entry.bundle?platform=web&dev=true&hot=false&lazy=true&transform.routerRoot=app:205785:48) The above error occurred in one of your React components. React will try to recreate this component tree from scratch using the error boundary you provided, LogBoxStateSubscription. @ http://localhost:8081/node_modules/expo-router/entry.bundle?platform=web&dev=true&hot=false&lazy=true&transform.routerRoot=app:228930
[  821972ms] [ERROR] %o

%s

%s
 TypeError: Component is not a function
    at react-stack-bottom-frame (http://localhost:8081/node_modules/expo-router/entry.bundle?platform=web&dev=true&hot=false&lazy=true&transform.routerRoot=app:204978:20)
    at renderWithHooks (http://localhost:8081/node_modules/expo-router/entry.bundle?platform=web&dev=true&hot=false&lazy=true&transform.routerRoot=app:195188:22)
    at updateFunctionComponent (http://localhost:8081/node_modules/expo-router/entry.bundle?platform=web&dev=true&hot=false&lazy=true&transform.routerRoot=app:196881:19)
    at beginWork (http://localhost:8081/node_modules/expo-router/entry.bundle?platform=web&dev=true&hot=false&lazy=true&transform.routerRoot=app:197467:18)
    at runWithFiberInDEV (http://localhost:8081/node_modules/expo-router/entry.bundle?platform=web&dev=true&hot=false&lazy=true&transform.routerRoot=app:192960:70)
    at performUnitOfWork (http://localhost:8081/node_modules/expo-router/entry.bundle?platform=web&dev=true&hot=false&lazy=true&transform.routerRoot=app:199540:95)
    at workLoopSync (http://localhost:8081/node_modules/expo-router/entry.bundle?platform=web&dev=true&hot=false&lazy=true&transform.routerRoot=app:199433:40)
    at renderRootSync (http://localhost:8081/node_modules/expo-router/entry.bundle?platform=web&dev=true&hot=false&lazy=true&transform.routerRoot=app:199417:9)
    at performWorkOnRoot (http://localhost:8081/node_modules/expo-router/entry.bundle?platform=web&dev=true&hot=false&lazy=true&transform.routerRoot=app:199181:44)
    at performSyncWorkOnRoot (http://localhost:8081/node_modules/expo-router/entry.bundle?platform=web&dev=true&hot=false&lazy=true&transform.routerRoot=app:200145:7)
    at flushSyncWorkAcrossRoots_impl (http://localhost:8081/node_modules/expo-router/entry.bundle?platform=web&dev=true&hot=false&lazy=true&transform.routerRoot=app:200064:308)
    at flushSyncWork$1 (http://localhost:8081/node_modules/expo-router/entry.bundle?platform=web&dev=true&hot=false&lazy=true&transform.routerRoot=app:199295:84)
    at Object.scheduleRefresh (http://localhost:8081/node_modules/expo-router/entry.bundle?platform=web&dev=true&hot=false&lazy=true&transform.routerRoot=app:191928:9)
    at http://localhost:8081/node_modules/expo-router/entry.bundle?platform=web&dev=true&hot=false&lazy=true&transform.routerRoot=app:5522:23
    at Set.forEach (<anonymous>)
    at Object.performReactRefresh (http://localhost:8081/node_modules/expo-router/entry.bundle?platform=web&dev=true&hot=false&lazy=true&transform.routerRoot=app:5514:32)
    at Object.performReactRefresh (http://localhost:8081/node_modules/expo-router/entry.bundle?platform=web&dev=true&hot=false&lazy=true&transform.routerRoot=app:234211:27)
    at http://localhost:8081/node_modules/expo-router/entry.bundle?platform=web&dev=true&hot=false&lazy=true&transform.routerRoot=app:429:21 The above error occurred in one of your React components. React will try to recreate this component tree from scratch using the error boundary you provided, LogBoxStateSubscription. @ http://localhost:8081/node_modules/expo-router/entry.bundle?platform=web&dev=true&hot=false&lazy=true&transform.routerRoot=app:228930
[ 1262428ms] [VERBOSE] [DOM] Password field is not contained in a form: (More info: https://goo.gl/9p2vKq) %o @ http://localhost:8081/sign-up:0
[ 1262429ms] [VERBOSE] [DOM] Password field is not contained in a form: (More info: https://goo.gl/9p2vKq) %o @ http://localhost:8081/sign-up:0
